2026-02-14 17:54:26,275 - INFO - ProductSearch connected to mongo mongodb://user:pass1@localhost:27017/
2026-02-14 17:54:26,404 - INFO - Request for search_products, query: looking for headphone with noise cancelling
2026-02-14 17:54:26,410 - INFO - Request for search_products, query: looking for headphone with noise cancelling
2026-02-14 17:54:26,412 - INFO - Request for search_products, query: looking for headphone with noise cancelling
2026-02-14 17:54:26,414 - INFO - Request for search_products, query: looking for headphone with noise cancelling
2026-02-14 17:54:26,415 - INFO - Request for search_products, query: looking for headphone with noise cancelling
2026-02-14 17:54:26,438 - INFO - Calling pricing_service, req: {'items': [{'product_id': 'b2926dc2-cc6d-4c3e-ae40-7a127c173b16', 'qty': 1}], 'promo_codes': []}
2026-02-14 17:54:26,447 - INFO - Calling pricing_service, req: {'items': [{'product_id': 'b2926dc2-cc6d-4c3e-ae40-7a127c173b16', 'qty': 1}], 'promo_codes': []}
2026-02-14 17:54:26,448 - INFO - Calling pricing_service, req: {'items': [{'product_id': 'b2926dc2-cc6d-4c3e-ae40-7a127c173b16', 'qty': 1}], 'promo_codes': []}
2026-02-14 17:54:26,448 - INFO - Calling pricing_service, req: {'items': [{'product_id': 'b2926dc2-cc6d-4c3e-ae40-7a127c173b16', 'qty': 1}], 'promo_codes': []}
2026-02-14 17:54:26,450 - INFO - Calling pricing_service, req: {'items': [{'product_id': 'b2926dc2-cc6d-4c3e-ae40-7a127c173b16', 'qty': 1}], 'promo_codes': []}
2026-02-14 17:54:26,464 - INFO - HTTP Request: POST http://localhost:8002/price "HTTP/1.1 200 OK"
2026-02-14 17:54:26,465 - INFO - Called pricing_service, req: {'items': [{'product_id': 'b2926dc2-cc6d-4c3e-ae40-7a127c173b16', 'qty': 1}], 'promo_codes': []}, response: {'items': [{'product_id': 'b2926dc2-cc6d-4c3e-ae40-7a127c173b16', 'qty': 1, 'unit_price': 200.0, 'line_total': 200.0, 'discounts': 0.0}], 'subtotal': 200.0, 'total_discount': 0.0, 'total': 200.0, 'currency': 'USD'}
2026-02-14 17:54:26,465 - INFO - Request for search_products successfully processed, query: looking for headphone with noise cancelling, result: query='looking for headphone with noise cancelling' results=[ProductSearchResultItem(sku='b2926dc2-cc6d-4c3e-ae40-7a127c173b16', name='Airpod', description='Noise cancelling headphone Airpod', price=200.0, score=1.875)]
2026-02-14 17:54:26,466 - INFO - HTTP Request: POST http://localhost:8002/price "HTTP/1.1 200 OK"
2026-02-14 17:54:26,466 - INFO - HTTP Request: POST http://localhost:8002/price "HTTP/1.1 200 OK"
2026-02-14 17:54:26,467 - INFO - HTTP Request: POST http://localhost:8002/price "HTTP/1.1 200 OK"
2026-02-14 17:54:26,467 - INFO - HTTP Request: POST http://localhost:8002/price "HTTP/1.1 200 OK"
2026-02-14 17:54:26,468 - INFO - Called pricing_service, req: {'items': [{'product_id': 'b2926dc2-cc6d-4c3e-ae40-7a127c173b16', 'qty': 1}], 'promo_codes': []}, response: {'items': [{'product_id': 'b2926dc2-cc6d-4c3e-ae40-7a127c173b16', 'qty': 1, 'unit_price': 200.0, 'line_total': 200.0, 'discounts': 0.0}], 'subtotal': 200.0, 'total_discount': 0.0, 'total': 200.0, 'currency': 'USD'}
2026-02-14 17:54:26,468 - INFO - Request for search_products successfully processed, query: looking for headphone with noise cancelling, result: query='looking for headphone with noise cancelling' results=[ProductSearchResultItem(sku='b2926dc2-cc6d-4c3e-ae40-7a127c173b16', name='Airpod', description='Noise cancelling headphone Airpod', price=200.0, score=1.875)]
2026-02-14 17:54:26,469 - INFO - Called pricing_service, req: {'items': [{'product_id': 'b2926dc2-cc6d-4c3e-ae40-7a127c173b16', 'qty': 1}], 'promo_codes': []}, response: {'items': [{'product_id': 'b2926dc2-cc6d-4c3e-ae40-7a127c173b16', 'qty': 1, 'unit_price': 200.0, 'line_total': 200.0, 'discounts': 0.0}], 'subtotal': 200.0, 'total_discount': 0.0, 'total': 200.0, 'currency': 'USD'}
2026-02-14 17:54:26,469 - INFO - Request for search_products successfully processed, query: looking for headphone with noise cancelling, result: query='looking for headphone with noise cancelling' results=[ProductSearchResultItem(sku='b2926dc2-cc6d-4c3e-ae40-7a127c173b16', name='Airpod', description='Noise cancelling headphone Airpod', price=200.0, score=1.875)]
2026-02-14 17:54:26,469 - INFO - Called pricing_service, req: {'items': [{'product_id': 'b2926dc2-cc6d-4c3e-ae40-7a127c173b16', 'qty': 1}], 'promo_codes': []}, response: {'items': [{'product_id': 'b2926dc2-cc6d-4c3e-ae40-7a127c173b16', 'qty': 1, 'unit_price': 200.0, 'line_total': 200.0, 'discounts': 0.0}], 'subtotal': 200.0, 'total_discount': 0.0, 'total': 200.0, 'currency': 'USD'}
2026-02-14 17:54:26,470 - INFO - Request for search_products successfully processed, query: looking for headphone with noise cancelling, result: query='looking for headphone with noise cancelling' results=[ProductSearchResultItem(sku='b2926dc2-cc6d-4c3e-ae40-7a127c173b16', name='Airpod', description='Noise cancelling headphone Airpod', price=200.0, score=1.875)]
2026-02-14 17:54:26,470 - INFO - Called pricing_service, req: {'items': [{'product_id': 'b2926dc2-cc6d-4c3e-ae40-7a127c173b16', 'qty': 1}], 'promo_codes': []}, response: {'items': [{'product_id': 'b2926dc2-cc6d-4c3e-ae40-7a127c173b16', 'qty': 1, 'unit_price': 200.0, 'line_total': 200.0, 'discounts': 0.0}], 'subtotal': 200.0, 'total_discount': 0.0, 'total': 200.0, 'currency': 'USD'}
2026-02-14 17:54:26,470 - INFO - Request for search_products successfully processed, query: looking for headphone with noise cancelling, result: query='looking for headphone with noise cancelling' results=[ProductSearchResultItem(sku='b2926dc2-cc6d-4c3e-ae40-7a127c173b16', name='Airpod', description='Noise cancelling headphone Airpod', price=200.0, score=1.875)]
2026-02-14 17:54:27,069 - INFO - Request for search_products, query: looking for headphone with noise cancelling
2026-02-14 17:54:27,075 - INFO - Calling pricing_service, req: {'items': [{'product_id': 'b2926dc2-cc6d-4c3e-ae40-7a127c173b16', 'qty': 1}], 'promo_codes': []}
2026-02-14 17:54:27,089 - INFO - HTTP Request: POST http://localhost:8002/price "HTTP/1.1 200 OK"
2026-02-14 17:54:27,093 - INFO - Called pricing_service, req: {'items': [{'product_id': 'b2926dc2-cc6d-4c3e-ae40-7a127c173b16', 'qty': 1}], 'promo_codes': []}, response: {'items': [{'product_id': 'b2926dc2-cc6d-4c3e-ae40-7a127c173b16', 'qty': 1, 'unit_price': 200.0, 'line_total': 200.0, 'discounts': 0.0}], 'subtotal': 200.0, 'total_discount': 0.0, 'total': 200.0, 'currency': 'USD'}
2026-02-14 17:54:27,094 - INFO - Request for search_products successfully processed, query: looking for headphone with noise cancelling, result: query='looking for headphone with noise cancelling' results=[ProductSearchResultItem(sku='b2926dc2-cc6d-4c3e-ae40-7a127c173b16', name='Airpod', description='Noise cancelling headphone Airpod', price=200.0, score=1.875)]
2026-02-14 17:54:28,189 - INFO - Request for search_products, query: looking for headphone with noise cancelling
2026-02-14 17:54:28,197 - INFO - Request for search_products, query: looking for headphone with noise cancelling
2026-02-14 17:54:28,199 - INFO - Calling pricing_service, req: {'items': [{'product_id': 'b2926dc2-cc6d-4c3e-ae40-7a127c173b16', 'qty': 1}], 'promo_codes': []}
2026-02-14 17:54:28,204 - INFO - Calling pricing_service, req: {'items': [{'product_id': 'b2926dc2-cc6d-4c3e-ae40-7a127c173b16', 'qty': 1}], 'promo_codes': []}
2026-02-14 17:54:28,210 - INFO - HTTP Request: POST http://localhost:8002/price "HTTP/1.1 200 OK"
2026-02-14 17:54:28,211 - INFO - Called pricing_service, req: {'items': [{'product_id': 'b2926dc2-cc6d-4c3e-ae40-7a127c173b16', 'qty': 1}], 'promo_codes': []}, response: {'items': [{'product_id': 'b2926dc2-cc6d-4c3e-ae40-7a127c173b16', 'qty': 1, 'unit_price': 200.0, 'line_total': 200.0, 'discounts': 0.0}], 'subtotal': 200.0, 'total_discount': 0.0, 'total': 200.0, 'currency': 'USD'}
2026-02-14 17:54:28,211 - INFO - Request for search_products successfully processed, query: looking for headphone with noise cancelling, result: query='looking for headphone with noise cancelling' results=[ProductSearchResultItem(sku='b2926dc2-cc6d-4c3e-ae40-7a127c173b16', name='Airpod', description='Noise cancelling headphone Airpod', price=200.0, score=1.875)]
2026-02-14 17:54:28,213 - INFO - HTTP Request: POST http://localhost:8002/price "HTTP/1.1 200 OK"
2026-02-14 17:54:28,214 - INFO - Called pricing_service, req: {'items': [{'product_id': 'b2926dc2-cc6d-4c3e-ae40-7a127c173b16', 'qty': 1}], 'promo_codes': []}, response: {'items': [{'product_id': 'b2926dc2-cc6d-4c3e-ae40-7a127c173b16', 'qty': 1, 'unit_price': 200.0, 'line_total': 200.0, 'discounts': 0.0}], 'subtotal': 200.0, 'total_discount': 0.0, 'total': 200.0, 'currency': 'USD'}
2026-02-14 17:54:28,214 - INFO - Request for search_products successfully processed, query: looking for headphone with noise cancelling, result: query='looking for headphone with noise cancelling' results=[ProductSearchResultItem(sku='b2926dc2-cc6d-4c3e-ae40-7a127c173b16', name='Airpod', description='Noise cancelling headphone Airpod', price=200.0, score=1.875)]
2026-02-14 17:54:29,297 - INFO - Request for search_products, query: looking for headphone with noise cancelling
2026-02-14 17:54:29,304 - INFO - Request for search_products, query: looking for headphone with noise cancelling
2026-02-14 17:54:29,307 - INFO - Calling pricing_service, req: {'items': [{'product_id': 'b2926dc2-cc6d-4c3e-ae40-7a127c173b16', 'qty': 1}], 'promo_codes': []}
2026-02-14 17:54:29,312 - INFO - Calling pricing_service, req: {'items': [{'product_id': 'b2926dc2-cc6d-4c3e-ae40-7a127c173b16', 'qty': 1}], 'promo_codes': []}
2026-02-14 17:54:29,321 - INFO - HTTP Request: POST http://localhost:8002/price "HTTP/1.1 200 OK"
2026-02-14 17:54:29,322 - INFO - Called pricing_service, req: {'items': [{'product_id': 'b2926dc2-cc6d-4c3e-ae40-7a127c173b16', 'qty': 1}], 'promo_codes': []}, response: {'items': [{'product_id': 'b2926dc2-cc6d-4c3e-ae40-7a127c173b16', 'qty': 1, 'unit_price': 200.0, 'line_total': 200.0, 'discounts': 0.0}], 'subtotal': 200.0, 'total_discount': 0.0, 'total': 200.0, 'currency': 'USD'}
2026-02-14 17:54:29,323 - INFO - Request for search_products successfully processed, query: looking for headphone with noise cancelling, result: query='looking for headphone with noise cancelling' results=[ProductSearchResultItem(sku='b2926dc2-cc6d-4c3e-ae40-7a127c173b16', name='Airpod', description='Noise cancelling headphone Airpod', price=200.0, score=1.875)]
2026-02-14 17:54:29,324 - INFO - HTTP Request: POST http://localhost:8002/price "HTTP/1.1 200 OK"
2026-02-14 17:54:29,326 - INFO - Called pricing_service, req: {'items': [{'product_id': 'b2926dc2-cc6d-4c3e-ae40-7a127c173b16', 'qty': 1}], 'promo_codes': []}, response: {'items': [{'product_id': 'b2926dc2-cc6d-4c3e-ae40-7a127c173b16', 'qty': 1, 'unit_price': 200.0, 'line_total': 200.0, 'discounts': 0.0}], 'subtotal': 200.0, 'total_discount': 0.0, 'total': 200.0, 'currency': 'USD'}
2026-02-14 17:54:29,326 - INFO - Request for search_products successfully processed, query: looking for headphone with noise cancelling, result: query='looking for headphone with noise cancelling' results=[ProductSearchResultItem(sku='b2926dc2-cc6d-4c3e-ae40-7a127c173b16', name='Airpod', description='Noise cancelling headphone Airpod', price=200.0, score=1.875)]
2026-02-14 19:53:41,243 - INFO - ProductSearch connected to mongo mongodb://user:pass1@localhost:27017/
2026-02-14 20:31:48,232 - INFO - ProductSearch connected to mongo mongodb://user:pass1@localhost:27017/
2026-02-14 20:32:21,050 - INFO - ProductSearch connected to mongo mongodb://user:pass1@localhost:27017/
2026-02-14 20:32:36,641 - INFO - ProductSearch connected to mongo mongodb://user:pass1@localhost:27017/
2026-02-14 20:33:12,531 - INFO - ProductSearch connected to mongo mongodb://user:pass1@localhost:27017/
2026-02-14 20:34:45,924 - INFO - ProductSearch connected to mongo mongodb://localhost:27017/
2026-02-14 20:35:35,465 - INFO - ProductSearch connected to mongo mongodb://localhost:27017/
2026-02-14 20:36:05,720 - INFO - ProductSearch connected to mongo mongodb://localhost:27017/
2026-02-14 20:36:31,498 - INFO - ProductSearch connected to mongo mongodb://localhost:27017/
