2026-02-14 17:54:26,397 - INFO - Shipment connected to mongo
2026-02-14 17:54:26,842 - INFO - Request for book_shipment, order_id=ea9e453c-c9e0-4c2a-9516-898ddaa13698, request: order_id='ea9e453c-c9e0-4c2a-9516-898ddaa13698' address='SAMPLE_ADDRESS'
2026-02-14 17:54:27,043 - INFO - Request for book_shipment, external carrier service called successfully, order_id=ea9e453c-c9e0-4c2a-9516-898ddaa13698, request: order_id='ea9e453c-c9e0-4c2a-9516-898ddaa13698' address='SAMPLE_ADDRESS'
2026-02-14 17:54:27,047 - INFO - Request for book_shipment successfully processed, request: order_id='ea9e453c-c9e0-4c2a-9516-898ddaa13698' address='SAMPLE_ADDRESS', order_id=ea9e453c-c9e0-4c2a-9516-898ddaa13698, result: shipment_id='01fa0b77-50df-4892-9de8-f680139fbb3c' tracking_id='de2f9bfb-3cde-41d1-bf17-470e50915bf0'
2026-02-14 17:54:27,407 - INFO - Request for book_shipment, order_id=6b35cea5-2743-4eab-a898-238ad5603836, request: order_id='6b35cea5-2743-4eab-a898-238ad5603836' address='SAMPLE_ADDRESS'
2026-02-14 17:54:27,608 - INFO - Request for book_shipment, external carrier service called successfully, order_id=6b35cea5-2743-4eab-a898-238ad5603836, request: order_id='6b35cea5-2743-4eab-a898-238ad5603836' address='SAMPLE_ADDRESS'
2026-02-14 17:54:27,612 - INFO - Request for book_shipment successfully processed, request: order_id='6b35cea5-2743-4eab-a898-238ad5603836' address='SAMPLE_ADDRESS', order_id=6b35cea5-2743-4eab-a898-238ad5603836, result: shipment_id='8b33d571-efcd-497d-a550-14a6aef5428f' tracking_id='9c729611-3b8b-40e1-b9d8-293d56951cb2'
2026-02-14 17:54:27,961 - INFO - Request for book_shipment, order_id=4f1d6e08-a8d4-4520-a272-487f192dd8d3, request: order_id='4f1d6e08-a8d4-4520-a272-487f192dd8d3' address='SAMPLE_ADDRESS'
2026-02-14 17:54:28,162 - INFO - Request for book_shipment, external carrier service called successfully, order_id=4f1d6e08-a8d4-4520-a272-487f192dd8d3, request: order_id='4f1d6e08-a8d4-4520-a272-487f192dd8d3' address='SAMPLE_ADDRESS'
2026-02-14 17:54:28,166 - INFO - Request for book_shipment successfully processed, request: order_id='4f1d6e08-a8d4-4520-a272-487f192dd8d3' address='SAMPLE_ADDRESS', order_id=4f1d6e08-a8d4-4520-a272-487f192dd8d3, result: shipment_id='b56fd5fd-b04e-49b4-bcfa-43dc00ebf0f0' tracking_id='a4f5eddd-3384-48fb-9432-a40bba68f4f6'
2026-02-14 17:54:28,520 - INFO - Request for book_shipment, order_id=052b59b7-cc28-4b32-94a6-ddbd856cd804, request: order_id='052b59b7-cc28-4b32-94a6-ddbd856cd804' address='SAMPLE_ADDRESS'
2026-02-14 17:54:28,721 - INFO - Request for book_shipment, external carrier service called successfully, order_id=052b59b7-cc28-4b32-94a6-ddbd856cd804, request: order_id='052b59b7-cc28-4b32-94a6-ddbd856cd804' address='SAMPLE_ADDRESS'
2026-02-14 17:54:28,725 - INFO - Request for book_shipment successfully processed, request: order_id='052b59b7-cc28-4b32-94a6-ddbd856cd804' address='SAMPLE_ADDRESS', order_id=052b59b7-cc28-4b32-94a6-ddbd856cd804, result: shipment_id='2668b067-de73-4ffb-8078-34fe186369f0' tracking_id='bb4b8d09-04ac-43dc-9884-020b6fda2805'
2026-02-14 17:54:29,072 - INFO - Request for book_shipment, order_id=e034e236-5f94-49ca-bced-40ed03b69b61, request: order_id='e034e236-5f94-49ca-bced-40ed03b69b61' address='SAMPLE_ADDRESS'
2026-02-14 17:54:29,273 - INFO - Request for book_shipment, external carrier service called successfully, order_id=e034e236-5f94-49ca-bced-40ed03b69b61, request: order_id='e034e236-5f94-49ca-bced-40ed03b69b61' address='SAMPLE_ADDRESS'
2026-02-14 17:54:29,277 - INFO - Request for book_shipment successfully processed, request: order_id='e034e236-5f94-49ca-bced-40ed03b69b61' address='SAMPLE_ADDRESS', order_id=e034e236-5f94-49ca-bced-40ed03b69b61, result: shipment_id='eaa6daa8-c7fa-4598-833b-e9be043def2b' tracking_id='d379eef9-f19c-4b37-9d91-e5f581c7da6c'
2026-02-14 19:53:41,298 - INFO - Shipment connected to mongo
2026-02-14 20:31:48,334 - INFO - Shipment connected to mongo
2026-02-14 20:32:20,462 - INFO - Shipment connected to mongo
2026-02-14 20:32:36,845 - INFO - Shipment connected to mongo
2026-02-14 20:33:12,558 - INFO - Shipment connected to mongo
2026-02-14 20:34:45,937 - INFO - Shipment connected to mongo
2026-02-14 20:35:35,764 - INFO - Shipment connected to mongo
