nohup: ignoring input
INFO:     Will watch for changes in these directories: ['/home/ghazal/PhD/impl/ms-to-mas-arch-refactor-risk-modeling/ms_baseline/retailben']
INFO:     Uvicorn running on http://0.0.0.0:8007 (Press CTRL+C to quit)
INFO:     Started reloader process [37012] using WatchFiles
INFO:     Started server process [37033]
INFO:     Waiting for application startup.
INFO:     Application startup complete.
INFO:     127.0.0.1:60134 - "GET /docs HTTP/1.1" 200 OK
INFO:     127.0.0.1:60134 - "GET /openapi.json HTTP/1.1" 200 OK
WARNING:  WatchFiles detected changes in 'exp_runner.py'. Reloading...
INFO:     Shutting down
INFO:     Waiting for application shutdown.
INFO:     Application shutdown complete.
INFO:     Finished server process [37033]
INFO:     Started server process [38696]
INFO:     Waiting for application startup.
INFO:     Application startup complete.
WARNING:  WatchFiles detected changes in 'order_service.py'. Reloading...
INFO:     Shutting down
INFO:     Waiting for application shutdown.
INFO:     Application shutdown complete.
INFO:     Finished server process [38696]
INFO:     Started server process [38791]
INFO:     Waiting for application startup.
INFO:     Application startup complete.
WARNING:  WatchFiles detected changes in 'product_search_service.py'. Reloading...
INFO:     Shutting down
INFO:     Waiting for application shutdown.
INFO:     Application shutdown complete.
INFO:     Finished server process [38791]
INFO:     Started server process [38888]
INFO:     Waiting for application startup.
INFO:     Application startup complete.
WARNING:  WatchFiles detected changes in 'inventory_service.py'. Reloading...
INFO:     Shutting down
INFO:     Waiting for application shutdown.
INFO:     Application shutdown complete.
INFO:     Finished server process [38888]
INFO:     Started server process [39019]
INFO:     Waiting for application startup.
INFO:     Application startup complete.
WARNING:  WatchFiles detected changes in 'payment_service.py'. Reloading...
INFO:     Shutting down
INFO:     Waiting for application shutdown.
INFO:     Application shutdown complete.
INFO:     Finished server process [39019]
INFO:     Started server process [39193]
INFO:     Waiting for application startup.
INFO:     Application startup complete.
WARNING:  WatchFiles detected changes in 'pricing_service.py'. Reloading...
INFO:     Shutting down
INFO:     Waiting for application shutdown.
INFO:     Application shutdown complete.
INFO:     Finished server process [39193]
INFO:     Started server process [39284]
INFO:     Waiting for application startup.
INFO:     Application startup complete.
WARNING:  WatchFiles detected changes in 'procurement_service.py'. Reloading...
INFO:     Shutting down
INFO:     Waiting for application shutdown.
INFO:     Application shutdown complete.
INFO:     Finished server process [39284]
INFO:     Started server process [39384]
INFO:     Waiting for application startup.
INFO:     Application startup complete.
WARNING:  WatchFiles detected changes in 'shipment_service.py'. Reloading...
INFO:     Shutting down
INFO:     Waiting for application shutdown.
INFO:     Application shutdown complete.
INFO:     Finished server process [39384]
INFO:     Started server process [39495]
INFO:     Waiting for application startup.
INFO:     Application startup complete.
WARNING:  WatchFiles detected changes in 'shopping_cart_service.py'. Reloading...
INFO:     Shutting down
INFO:     Waiting for application shutdown.
INFO:     Application shutdown complete.
INFO:     Finished server process [39495]
INFO:     Started server process [39610]
INFO:     Waiting for application startup.
INFO:     Application startup complete.
WARNING:  WatchFiles detected changes in 'subscription_service.py'. Reloading...
INFO:     Shutting down
INFO:     Waiting for application shutdown.
INFO:     Application shutdown complete.
INFO:     Finished server process [39610]
INFO:     Started server process [39702]
INFO:     Waiting for application startup.
INFO:     Application startup complete.
WARNING:  WatchFiles detected changes in 'product_search_service.py'. Reloading...
INFO:     Shutting down
INFO:     Waiting for application shutdown.
INFO:     Application shutdown complete.
INFO:     Finished server process [39702]
WARNING:  WatchFiles detected changes in 'product_search_service.py'. Reloading...
INFO:     Started server process [41359]
INFO:     Waiting for application startup.
INFO:     Application startup complete.
INFO:     127.0.0.1:35526 - "POST /pay-order HTTP/1.1" 200 OK
INFO:     127.0.0.1:53452 - "POST /pay-order HTTP/1.1" 200 OK
INFO:     127.0.0.1:48638 - "POST /pay-order HTTP/1.1" 200 OK
INFO:     127.0.0.1:52820 - "POST /pay-order HTTP/1.1" 200 OK
INFO:     127.0.0.1:52824 - "POST /pay-order HTTP/1.1" 200 OK
WARNING:  WatchFiles detected changes in 'exp_runner.py'. Reloading...
INFO:     Shutting down
INFO:     Waiting for application shutdown.
INFO:     Application shutdown complete.
INFO:     Finished server process [41359]
INFO:     Started server process [45204]
INFO:     Waiting for application startup.
INFO:     Application startup complete.
INFO:     127.0.0.1:56448 - "POST /clear_payments HTTP/1.1" 200 OK
INFO:     127.0.0.1:56450 - "POST /pay-order HTTP/1.1" 200 OK
INFO:     127.0.0.1:56458 - "POST /pay-order HTTP/1.1" 200 OK
INFO:     127.0.0.1:56462 - "POST /pay-order HTTP/1.1" 200 OK
INFO:     127.0.0.1:41090 - "POST /pay-order HTTP/1.1" 200 OK
INFO:     127.0.0.1:41102 - "POST /pay-order HTTP/1.1" 200 OK
WARNING:  WatchFiles detected changes in 'exp_runner.py'. Reloading...
INFO:     Shutting down
INFO:     Waiting for application shutdown.
INFO:     Application shutdown complete.
INFO:     Finished server process [45204]
INFO:     Started server process [45772]
INFO:     Waiting for application startup.
INFO:     Application startup complete.
INFO:     127.0.0.1:48268 - "POST /clear_payments HTTP/1.1" 200 OK
INFO:     127.0.0.1:48272 - "POST /pay-order HTTP/1.1" 200 OK
INFO:     127.0.0.1:48288 - "POST /pay-order HTTP/1.1" 200 OK
INFO:     127.0.0.1:48292 - "POST /pay-order HTTP/1.1" 200 OK
INFO:     127.0.0.1:48296 - "POST /pay-order HTTP/1.1" 200 OK
INFO:     127.0.0.1:48298 - "POST /pay-order HTTP/1.1" 200 OK
WARNING:  WatchFiles detected changes in 'exp_runner.py'. Reloading...
INFO:     Shutting down
INFO:     Waiting for application shutdown.
INFO:     Application shutdown complete.
INFO:     Finished server process [45772]
WARNING:  WatchFiles detected changes in 'exp_runner.py'. Reloading...
INFO:     Started server process [46761]
INFO:     Waiting for application startup.
INFO:     Application startup complete.
WARNING:  WatchFiles detected changes in 'exp_runner.py'. Reloading...
INFO:     Shutting down
INFO:     Waiting for application shutdown.
INFO:     Application shutdown complete.
INFO:     Finished server process [46761]
INFO:     Started server process [46828]
INFO:     Waiting for application startup.
INFO:     Application startup complete.
WARNING:  WatchFiles detected changes in 'exp_runner.py'. Reloading...
INFO:     Shutting down
INFO:     Waiting for application shutdown.
INFO:     Application shutdown complete.
INFO:     Finished server process [46828]
INFO:     Started server process [46963]
INFO:     Waiting for application startup.
INFO:     Application startup complete.
WARNING:  WatchFiles detected changes in 'exp_runner.py'. Reloading...
INFO:     Shutting down
INFO:     Waiting for application shutdown.
INFO:     Application shutdown complete.
INFO:     Finished server process [46963]
WARNING:  WatchFiles detected changes in 'exp_runner.py'. Reloading...
INFO:     Started server process [47101]
INFO:     Waiting for application startup.
INFO:     Application startup complete.
WARNING:  WatchFiles detected changes in 'exp_runner.py'. Reloading...
INFO:     Shutting down
INFO:     Waiting for application shutdown.
INFO:     Application shutdown complete.
INFO:     Finished server process [47101]
WARNING:  WatchFiles detected changes in 'exp_runner.py'. Reloading...
INFO:     Started server process [47330]
INFO:     Waiting for application startup.
INFO:     Application startup complete.
INFO:     127.0.0.1:36346 - "POST /clear_payments HTTP/1.1" 200 OK
INFO:     127.0.0.1:36360 - "POST /pay-order HTTP/1.1" 200 OK
INFO:     127.0.0.1:36372 - "POST /pay-order HTTP/1.1" 200 OK
INFO:     127.0.0.1:36380 - "POST /pay-order HTTP/1.1" 200 OK
INFO:     127.0.0.1:36386 - "POST /pay-order HTTP/1.1" 200 OK
INFO:     127.0.0.1:36398 - "POST /pay-order HTTP/1.1" 200 OK
WARNING:  WatchFiles detected changes in 'exp_runner.py'. Reloading...
INFO:     Shutting down
INFO:     Waiting for application shutdown.
INFO:     Application shutdown complete.
INFO:     Finished server process [47330]
INFO:     Started server process [47813]
INFO:     Waiting for application startup.
INFO:     Application startup complete.
INFO:     127.0.0.1:57812 - "POST /clear_payments HTTP/1.1" 200 OK
INFO:     127.0.0.1:57818 - "POST /pay-order HTTP/1.1" 200 OK
INFO:     127.0.0.1:57832 - "POST /pay-order HTTP/1.1" 200 OK
INFO:     127.0.0.1:57834 - "POST /pay-order HTTP/1.1" 200 OK
INFO:     127.0.0.1:57836 - "POST /pay-order HTTP/1.1" 200 OK
INFO:     127.0.0.1:57850 - "POST /pay-order HTTP/1.1" 200 OK
