nohup: ignoring input
INFO:     Will watch for changes in these directories: ['/home/ghazal/PhD/impl/ms-to-mas-arch-refactor-risk-modeling/ms_baseline/retailben']
INFO:     Uvicorn running on http://0.0.0.0:8006 (Press CTRL+C to quit)
INFO:     Started reloader process [37340] using WatchFiles
INFO:     Started server process [37361]
INFO:     Waiting for application startup.
INFO:     Application startup complete.
INFO:     127.0.0.1:47030 - "GET /docs HTTP/1.1" 200 OK
INFO:     127.0.0.1:47030 - "GET /openapi.json HTTP/1.1" 200 OK
WARNING:  WatchFiles detected changes in 'exp_runner.py'. Reloading...
INFO:     Shutting down
INFO:     Waiting for application shutdown.
INFO:     Application shutdown complete.
INFO:     Finished server process [37361]
INFO:     Started server process [38697]
INFO:     Waiting for application startup.
INFO:     Application startup complete.
WARNING:  WatchFiles detected changes in 'order_service.py'. Reloading...
INFO:     Shutting down
INFO:     Waiting for application shutdown.
INFO:     Application shutdown complete.
INFO:     Finished server process [38697]
INFO:     Started server process [38786]
INFO:     Waiting for application startup.
INFO:     Application startup complete.
WARNING:  WatchFiles detected changes in 'product_search_service.py'. Reloading...
INFO:     Shutting down
INFO:     Waiting for application shutdown.
INFO:     Application shutdown complete.
INFO:     Finished server process [38786]
INFO:     Started server process [38878]
INFO:     Waiting for application startup.
INFO:     Application startup complete.
WARNING:  WatchFiles detected changes in 'inventory_service.py'. Reloading...
INFO:     Shutting down
INFO:     Waiting for application shutdown.
INFO:     Application shutdown complete.
INFO:     Finished server process [38878]
INFO:     Started server process [39020]
INFO:     Waiting for application startup.
INFO:     Application startup complete.
WARNING:  WatchFiles detected changes in 'payment_service.py'. Reloading...
INFO:     Shutting down
INFO:     Waiting for application shutdown.
INFO:     Application shutdown complete.
INFO:     Finished server process [39020]
INFO:     Started server process [39187]
INFO:     Waiting for application startup.
INFO:     Application startup complete.
WARNING:  WatchFiles detected changes in 'pricing_service.py'. Reloading...
INFO:     Shutting down
INFO:     Waiting for application shutdown.
INFO:     Application shutdown complete.
INFO:     Finished server process [39187]
INFO:     Started server process [39286]
INFO:     Waiting for application startup.
INFO:     Application startup complete.
WARNING:  WatchFiles detected changes in 'procurement_service.py'. Reloading...
INFO:     Shutting down
INFO:     Waiting for application shutdown.
INFO:     Application shutdown complete.
INFO:     Finished server process [39286]
INFO:     Started server process [39383]
INFO:     Waiting for application startup.
INFO:     Application startup complete.
WARNING:  WatchFiles detected changes in 'shipment_service.py'. Reloading...
INFO:     Shutting down
INFO:     Waiting for application shutdown.
INFO:     Application shutdown complete.
INFO:     Finished server process [39383]
INFO:     Started server process [39494]
INFO:     Waiting for application startup.
INFO:     Application startup complete.
WARNING:  WatchFiles detected changes in 'shopping_cart_service.py'. Reloading...
INFO:     Shutting down
INFO:     Waiting for application shutdown.
INFO:     Application shutdown complete.
INFO:     Finished server process [39494]
INFO:     Started server process [39615]
INFO:     Waiting for application startup.
INFO:     Application startup complete.
WARNING:  WatchFiles detected changes in 'subscription_service.py'. Reloading...
INFO:     Shutting down
INFO:     Waiting for application shutdown.
INFO:     Application shutdown complete.
INFO:     Finished server process [39615]
INFO:     Started server process [39701]
INFO:     Waiting for application startup.
INFO:     Application startup complete.
WARNING:  WatchFiles detected changes in 'product_search_service.py'. Reloading...
INFO:     Shutting down
INFO:     Waiting for application shutdown.
INFO:     Application shutdown complete.
INFO:     Finished server process [39701]
WARNING:  WatchFiles detected changes in 'product_search_service.py'. Reloading...
INFO:     Started server process [41361]
INFO:     Waiting for application startup.
INFO:     Application startup complete.
INFO:     127.0.0.1:33348 - "POST /book HTTP/1.1" 200 OK
INFO:     127.0.0.1:60748 - "POST /book HTTP/1.1" 200 OK
INFO:     127.0.0.1:33324 - "POST /book HTTP/1.1" 200 OK
INFO:     127.0.0.1:58324 - "POST /book HTTP/1.1" 200 OK
INFO:     127.0.0.1:58330 - "POST /book HTTP/1.1" 200 OK
WARNING:  WatchFiles detected changes in 'exp_runner.py'. Reloading...
INFO:     Shutting down
INFO:     Waiting for application shutdown.
INFO:     Application shutdown complete.
INFO:     Finished server process [41361]
INFO:     Started server process [45205]
INFO:     Waiting for application startup.
INFO:     Application startup complete.
INFO:     127.0.0.1:34410 - "POST /clear_bookings HTTP/1.1" 200 OK
INFO:     127.0.0.1:34420 - "POST /book HTTP/1.1" 200 OK
INFO:     127.0.0.1:34432 - "POST /book HTTP/1.1" 200 OK
INFO:     127.0.0.1:45404 - "POST /book HTTP/1.1" 200 OK
INFO:     127.0.0.1:45410 - "POST /book HTTP/1.1" 200 OK
INFO:     127.0.0.1:45416 - "POST /book HTTP/1.1" 200 OK
WARNING:  WatchFiles detected changes in 'exp_runner.py'. Reloading...
INFO:     Shutting down
INFO:     Waiting for application shutdown.
INFO:     Application shutdown complete.
INFO:     Finished server process [45205]
INFO:     Started server process [45776]
INFO:     Waiting for application startup.
INFO:     Application startup complete.
INFO:     127.0.0.1:55374 - "POST /clear_bookings HTTP/1.1" 200 OK
INFO:     127.0.0.1:55386 - "POST /book HTTP/1.1" 200 OK
INFO:     127.0.0.1:55396 - "POST /book HTTP/1.1" 200 OK
INFO:     127.0.0.1:55412 - "POST /book HTTP/1.1" 200 OK
INFO:     127.0.0.1:55416 - "POST /book HTTP/1.1" 200 OK
INFO:     127.0.0.1:55422 - "POST /book HTTP/1.1" 200 OK
WARNING:  WatchFiles detected changes in 'exp_runner.py'. Reloading...
INFO:     Shutting down
INFO:     Waiting for application shutdown.
INFO:     Application shutdown complete.
INFO:     Finished server process [45776]
WARNING:  WatchFiles detected changes in 'exp_runner.py'. Reloading...
WARNING:  WatchFiles detected changes in 'exp_runner.py'. Reloading...
INFO:     Started server process [46767]
INFO:     Waiting for application startup.
INFO:     Application startup complete.
INFO:     Started server process [46859]
INFO:     Waiting for application startup.
INFO:     Application startup complete.
WARNING:  WatchFiles detected changes in 'exp_runner.py'. Reloading...
INFO:     Shutting down
INFO:     Waiting for application shutdown.
INFO:     Application shutdown complete.
INFO:     Finished server process [46859]
INFO:     Started server process [46966]
INFO:     Waiting for application startup.
INFO:     Application startup complete.
WARNING:  WatchFiles detected changes in 'exp_runner.py'. Reloading...
INFO:     Shutting down
INFO:     Waiting for application shutdown.
INFO:     Application shutdown complete.
INFO:     Finished server process [46966]
INFO:     Started server process [47079]
INFO:     Waiting for application startup.
INFO:     Application startup complete.
WARNING:  WatchFiles detected changes in 'exp_runner.py'. Reloading...
INFO:     Shutting down
INFO:     Waiting for application shutdown.
INFO:     Application shutdown complete.
INFO:     Finished server process [47079]
INFO:     Started server process [47104]
INFO:     Waiting for application startup.
INFO:     Application startup complete.
WARNING:  WatchFiles detected changes in 'exp_runner.py'. Reloading...
INFO:     Shutting down
INFO:     Waiting for application shutdown.
INFO:     Application shutdown complete.
INFO:     Finished server process [47104]
WARNING:  WatchFiles detected changes in 'exp_runner.py'. Reloading...
INFO:     Started server process [47333]
INFO:     Waiting for application startup.
INFO:     Application startup complete.
INFO:     127.0.0.1:51242 - "POST /clear_bookings HTTP/1.1" 200 OK
INFO:     127.0.0.1:51248 - "POST /book HTTP/1.1" 200 OK
INFO:     127.0.0.1:51258 - "POST /book HTTP/1.1" 200 OK
INFO:     127.0.0.1:51260 - "POST /book HTTP/1.1" 200 OK
INFO:     127.0.0.1:51274 - "POST /book HTTP/1.1" 200 OK
INFO:     127.0.0.1:51286 - "POST /book HTTP/1.1" 200 OK
WARNING:  WatchFiles detected changes in 'exp_runner.py'. Reloading...
INFO:     Shutting down
INFO:     Waiting for application shutdown.
INFO:     Application shutdown complete.
INFO:     Finished server process [47333]
INFO:     Started server process [47814]
INFO:     Waiting for application startup.
INFO:     Application startup complete.
INFO:     127.0.0.1:37250 - "POST /clear_bookings HTTP/1.1" 200 OK
INFO:     127.0.0.1:37254 - "POST /book HTTP/1.1" 200 OK
INFO:     127.0.0.1:37270 - "POST /book HTTP/1.1" 200 OK
INFO:     127.0.0.1:37276 - "POST /book HTTP/1.1" 200 OK
INFO:     127.0.0.1:37284 - "POST /book HTTP/1.1" 200 OK
INFO:     127.0.0.1:37290 - "POST /book HTTP/1.1" 200 OK
