2026-02-14 17:54:26,483 - INFO - Request for checkout_cart, cart_id=a850e8b3-8324-40ac-9292-0d3628692ad8,  trace_id=1c516922-d91d-4762-b3a9-6fdd212fb4a7
2026-02-14 17:54:26,489 - INFO - Cart Service Called, request_cart_id: a850e8b3-8324-40ac-9292-0d3628692ad8, response_status: 200, trace_id=1c516922-d91d-4762-b3a9-6fdd212fb4a7
2026-02-14 17:54:26,491 - INFO - Request for checkout_cart, cart_id=99369b39-a52f-4eee-9fbd-973577bd2c52,  trace_id=17dbc060-e0f2-485a-b1ec-1d083b428548
2026-02-14 17:54:26,495 - INFO - Cart Service Called, request_cart_id: 99369b39-a52f-4eee-9fbd-973577bd2c52, response_status: 200, trace_id=17dbc060-e0f2-485a-b1ec-1d083b428548
2026-02-14 17:54:26,496 - INFO - Request for checkout_cart, cart_id=b26dff29-7349-42bd-a6d7-79d7c55fcdb7,  trace_id=9cdf069c-872c-406e-9e2b-7d0bb48067d8
2026-02-14 17:54:26,500 - INFO - Cart Service Called, request_cart_id: b26dff29-7349-42bd-a6d7-79d7c55fcdb7, response_status: 200, trace_id=9cdf069c-872c-406e-9e2b-7d0bb48067d8
2026-02-14 17:54:26,501 - INFO - Request for checkout_cart, cart_id=4e351d16-b9e6-4fa3-badc-2070f302527a,  trace_id=2deea6ef-1731-4fb5-985e-9d60092c990c
2026-02-14 17:54:26,504 - INFO - Cart Service Called, request_cart_id: 4e351d16-b9e6-4fa3-badc-2070f302527a, response_status: 200, trace_id=2deea6ef-1731-4fb5-985e-9d60092c990c
2026-02-14 17:54:26,506 - INFO - Request for checkout_cart, cart_id=b66e2919-867e-491e-8943-a99462948215,  trace_id=03438725-8680-45ca-8f42-cdce0338e264
2026-02-14 17:54:26,509 - INFO - Cart Service Called, request_cart_id: b66e2919-867e-491e-8943-a99462948215, response_status: 200, trace_id=03438725-8680-45ca-8f42-cdce0338e264
2026-02-14 17:54:26,520 - INFO - HTTP Request: POST http://127.0.0.1:8002/price "HTTP/1.1 200 OK"
2026-02-14 17:54:26,521 - INFO - Pricing Service Called, req: {'items': [{'product_id': 'b2926dc2-cc6d-4c3e-ae40-7a127c173b16', 'qty': 2}], 'promo_codes': [], 'only_final_price': True}, response_status: 200, trace_id=1c516922-d91d-4762-b3a9-6fdd212fb4a7
2026-02-14 17:54:26,521 - INFO - Request for orchestrate_order started, order_id=ea9e453c-c9e0-4c2a-9516-898ddaa13698, trace_id=1c516922-d91d-4762-b3a9-6fdd212fb4a7
2026-02-14 17:54:26,526 - INFO - Inventory Reservation Service Called, req: {'order_id': 'ea9e453c-c9e0-4c2a-9516-898ddaa13698', 'items': [{'sku': 'b2926dc2-cc6d-4c3e-ae40-7a127c173b16', 'qty': 2}], 'atomic_update': True, 'delay': 0.0, 'drop': 0}, response_status: 200, response: {'order_id': 'ea9e453c-c9e0-4c2a-9516-898ddaa13698', 'status': 'RESERVED', 'items': [{'sku': 'b2926dc2-cc6d-4c3e-ae40-7a127c173b16', 'remaining': 8}]} trace_id=1c516922-d91d-4762-b3a9-6fdd212fb4a7
2026-02-14 17:54:26,834 - INFO - Payment Service Called, req: {'order_id': 'ea9e453c-c9e0-4c2a-9516-898ddaa13698', 'final_price': 400.0}, response_status: 200, response: {'order_id': 'ea9e453c-c9e0-4c2a-9516-898ddaa13698', 'status': 'SUCCESS'} trace_id=1c516922-d91d-4762-b3a9-6fdd212fb4a7
2026-02-14 17:54:27,050 - INFO - Shipment Service Called, req: {'order_id': 'ea9e453c-c9e0-4c2a-9516-898ddaa13698', 'address': 'SAMPLE_ADDRESS'}, response_status: 200, response: {'shipment_id': '01fa0b77-50df-4892-9de8-f680139fbb3c', 'tracking_id': 'de2f9bfb-3cde-41d1-bf17-470e50915bf0'} trace_id=1c516922-d91d-4762-b3a9-6fdd212fb4a7
2026-02-14 17:54:27,052 - INFO - Request for orchestrate_order completed, final_status:COMPLETED,  trace_id=1c516922-d91d-4762-b3a9-6fdd212fb4a7
2026-02-14 17:54:27,057 - INFO - HTTP Request: POST http://127.0.0.1:8002/price "HTTP/1.1 200 OK"
2026-02-14 17:54:27,059 - INFO - HTTP Request: POST http://127.0.0.1:8002/price "HTTP/1.1 200 OK"
2026-02-14 17:54:27,061 - INFO - Pricing Service Called, req: {'items': [{'product_id': 'b2926dc2-cc6d-4c3e-ae40-7a127c173b16', 'qty': 2}], 'promo_codes': [], 'only_final_price': True}, response_status: 200, trace_id=17dbc060-e0f2-485a-b1ec-1d083b428548
2026-02-14 17:54:27,061 - INFO - Request for orchestrate_order started, order_id=6b35cea5-2743-4eab-a898-238ad5603836, trace_id=17dbc060-e0f2-485a-b1ec-1d083b428548
2026-02-14 17:54:27,083 - INFO - Inventory Reservation Service Called, req: {'order_id': '6b35cea5-2743-4eab-a898-238ad5603836', 'items': [{'sku': 'b2926dc2-cc6d-4c3e-ae40-7a127c173b16', 'qty': 2}], 'atomic_update': True, 'delay': 0.0, 'drop': 0}, response_status: 200, response: {'order_id': '6b35cea5-2743-4eab-a898-238ad5603836', 'status': 'RESERVED', 'items': [{'sku': 'b2926dc2-cc6d-4c3e-ae40-7a127c173b16', 'remaining': 6}]} trace_id=17dbc060-e0f2-485a-b1ec-1d083b428548
2026-02-14 17:54:27,400 - INFO - Payment Service Called, req: {'order_id': '6b35cea5-2743-4eab-a898-238ad5603836', 'final_price': 400.0}, response_status: 200, response: {'order_id': '6b35cea5-2743-4eab-a898-238ad5603836', 'status': 'SUCCESS'} trace_id=17dbc060-e0f2-485a-b1ec-1d083b428548
2026-02-14 17:54:27,615 - INFO - Shipment Service Called, req: {'order_id': '6b35cea5-2743-4eab-a898-238ad5603836', 'address': 'SAMPLE_ADDRESS'}, response_status: 200, response: {'shipment_id': '8b33d571-efcd-497d-a550-14a6aef5428f', 'tracking_id': '9c729611-3b8b-40e1-b9d8-293d56951cb2'} trace_id=17dbc060-e0f2-485a-b1ec-1d083b428548
2026-02-14 17:54:27,618 - INFO - Request for orchestrate_order completed, final_status:COMPLETED,  trace_id=17dbc060-e0f2-485a-b1ec-1d083b428548
2026-02-14 17:54:27,621 - INFO - Pricing Service Called, req: {'items': [{'product_id': 'b2926dc2-cc6d-4c3e-ae40-7a127c173b16', 'qty': 2}], 'promo_codes': [], 'only_final_price': True}, response_status: 200, trace_id=9cdf069c-872c-406e-9e2b-7d0bb48067d8
2026-02-14 17:54:27,622 - INFO - Request for orchestrate_order started, order_id=4f1d6e08-a8d4-4520-a272-487f192dd8d3, trace_id=9cdf069c-872c-406e-9e2b-7d0bb48067d8
2026-02-14 17:54:27,640 - INFO - Inventory Reservation Service Called, req: {'order_id': '4f1d6e08-a8d4-4520-a272-487f192dd8d3', 'items': [{'sku': 'b2926dc2-cc6d-4c3e-ae40-7a127c173b16', 'qty': 2}], 'atomic_update': True, 'delay': 0.0, 'drop': 0}, response_status: 200, response: {'order_id': '4f1d6e08-a8d4-4520-a272-487f192dd8d3', 'status': 'RESERVED', 'items': [{'sku': 'b2926dc2-cc6d-4c3e-ae40-7a127c173b16', 'remaining': 4}]} trace_id=9cdf069c-872c-406e-9e2b-7d0bb48067d8
2026-02-14 17:54:27,953 - INFO - Payment Service Called, req: {'order_id': '4f1d6e08-a8d4-4520-a272-487f192dd8d3', 'final_price': 400.0}, response_status: 200, response: {'order_id': '4f1d6e08-a8d4-4520-a272-487f192dd8d3', 'status': 'SUCCESS'} trace_id=9cdf069c-872c-406e-9e2b-7d0bb48067d8
2026-02-14 17:54:28,168 - INFO - Shipment Service Called, req: {'order_id': '4f1d6e08-a8d4-4520-a272-487f192dd8d3', 'address': 'SAMPLE_ADDRESS'}, response_status: 200, response: {'shipment_id': 'b56fd5fd-b04e-49b4-bcfa-43dc00ebf0f0', 'tracking_id': 'a4f5eddd-3384-48fb-9432-a40bba68f4f6'} trace_id=9cdf069c-872c-406e-9e2b-7d0bb48067d8
2026-02-14 17:54:28,171 - INFO - Request for orchestrate_order completed, final_status:COMPLETED,  trace_id=9cdf069c-872c-406e-9e2b-7d0bb48067d8
2026-02-14 17:54:28,175 - INFO - HTTP Request: POST http://127.0.0.1:8002/price "HTTP/1.1 200 OK"
2026-02-14 17:54:28,177 - INFO - HTTP Request: POST http://127.0.0.1:8002/price "HTTP/1.1 200 OK"
2026-02-14 17:54:28,179 - INFO - Pricing Service Called, req: {'items': [{'product_id': 'b2926dc2-cc6d-4c3e-ae40-7a127c173b16', 'qty': 2}], 'promo_codes': [], 'only_final_price': True}, response_status: 200, trace_id=2deea6ef-1731-4fb5-985e-9d60092c990c
2026-02-14 17:54:28,180 - INFO - Request for orchestrate_order started, order_id=052b59b7-cc28-4b32-94a6-ddbd856cd804, trace_id=2deea6ef-1731-4fb5-985e-9d60092c990c
2026-02-14 17:54:28,201 - INFO - Inventory Reservation Service Called, req: {'order_id': '052b59b7-cc28-4b32-94a6-ddbd856cd804', 'items': [{'sku': 'b2926dc2-cc6d-4c3e-ae40-7a127c173b16', 'qty': 2}], 'atomic_update': True, 'delay': 0.0, 'drop': 0}, response_status: 200, response: {'order_id': '052b59b7-cc28-4b32-94a6-ddbd856cd804', 'status': 'RESERVED', 'items': [{'sku': 'b2926dc2-cc6d-4c3e-ae40-7a127c173b16', 'remaining': 2}]} trace_id=2deea6ef-1731-4fb5-985e-9d60092c990c
2026-02-14 17:54:28,513 - INFO - Payment Service Called, req: {'order_id': '052b59b7-cc28-4b32-94a6-ddbd856cd804', 'final_price': 400.0}, response_status: 200, response: {'order_id': '052b59b7-cc28-4b32-94a6-ddbd856cd804', 'status': 'SUCCESS'} trace_id=2deea6ef-1731-4fb5-985e-9d60092c990c
2026-02-14 17:54:28,728 - INFO - Shipment Service Called, req: {'order_id': '052b59b7-cc28-4b32-94a6-ddbd856cd804', 'address': 'SAMPLE_ADDRESS'}, response_status: 200, response: {'shipment_id': '2668b067-de73-4ffb-8078-34fe186369f0', 'tracking_id': 'bb4b8d09-04ac-43dc-9884-020b6fda2805'} trace_id=2deea6ef-1731-4fb5-985e-9d60092c990c
2026-02-14 17:54:28,731 - INFO - Request for orchestrate_order completed, final_status:COMPLETED,  trace_id=2deea6ef-1731-4fb5-985e-9d60092c990c
2026-02-14 17:54:28,734 - INFO - Pricing Service Called, req: {'items': [{'product_id': 'b2926dc2-cc6d-4c3e-ae40-7a127c173b16', 'qty': 2}], 'promo_codes': [], 'only_final_price': True}, response_status: 200, trace_id=03438725-8680-45ca-8f42-cdce0338e264
2026-02-14 17:54:28,735 - INFO - Request for orchestrate_order started, order_id=e034e236-5f94-49ca-bced-40ed03b69b61, trace_id=03438725-8680-45ca-8f42-cdce0338e264
2026-02-14 17:54:28,752 - INFO - Inventory Reservation Service Called, req: {'order_id': 'e034e236-5f94-49ca-bced-40ed03b69b61', 'items': [{'sku': 'b2926dc2-cc6d-4c3e-ae40-7a127c173b16', 'qty': 2}], 'atomic_update': True, 'delay': 0.0, 'drop': 0}, response_status: 200, response: {'order_id': 'e034e236-5f94-49ca-bced-40ed03b69b61', 'status': 'RESERVED', 'items': [{'sku': 'b2926dc2-cc6d-4c3e-ae40-7a127c173b16', 'remaining': 0}]} trace_id=03438725-8680-45ca-8f42-cdce0338e264
2026-02-14 17:54:29,065 - INFO - Payment Service Called, req: {'order_id': 'e034e236-5f94-49ca-bced-40ed03b69b61', 'final_price': 400.0}, response_status: 200, response: {'order_id': 'e034e236-5f94-49ca-bced-40ed03b69b61', 'status': 'SUCCESS'} trace_id=03438725-8680-45ca-8f42-cdce0338e264
2026-02-14 17:54:29,280 - INFO - Shipment Service Called, req: {'order_id': 'e034e236-5f94-49ca-bced-40ed03b69b61', 'address': 'SAMPLE_ADDRESS'}, response_status: 200, response: {'shipment_id': 'eaa6daa8-c7fa-4598-833b-e9be043def2b', 'tracking_id': 'd379eef9-f19c-4b37-9d91-e5f581c7da6c'} trace_id=03438725-8680-45ca-8f42-cdce0338e264
2026-02-14 17:54:29,283 - INFO - Request for orchestrate_order completed, final_status:COMPLETED,  trace_id=03438725-8680-45ca-8f42-cdce0338e264
2026-02-14 17:54:29,288 - INFO - Request for checkout_cart, cart_id=36376f70-6b27-4bcc-9c5b-17df33fd6c57,  trace_id=5fba6008-e79f-49b7-8f9a-754e84c926d4
2026-02-14 17:54:29,303 - INFO - Cart Service Called, request_cart_id: 36376f70-6b27-4bcc-9c5b-17df33fd6c57, response_status: 200, trace_id=5fba6008-e79f-49b7-8f9a-754e84c926d4
2026-02-14 17:54:29,308 - INFO - Request for checkout_cart, cart_id=5578a6bc-7609-4cc5-9730-31b1f1ce7895,  trace_id=54edbc92-103e-42c4-9cbf-2281bb31eb84
2026-02-14 17:54:29,317 - INFO - Cart Service Called, request_cart_id: 5578a6bc-7609-4cc5-9730-31b1f1ce7895, response_status: 200, trace_id=54edbc92-103e-42c4-9cbf-2281bb31eb84
2026-02-14 17:54:29,320 - INFO - Request for checkout_cart, cart_id=59fae009-a15c-4d1f-a93d-662e6d8477f2,  trace_id=215f2593-c457-4a48-8e8f-9b33f8549f07
2026-02-14 17:54:29,327 - INFO - Cart Service Called, request_cart_id: 59fae009-a15c-4d1f-a93d-662e6d8477f2, response_status: 200, trace_id=215f2593-c457-4a48-8e8f-9b33f8549f07
2026-02-14 17:54:29,337 - INFO - HTTP Request: POST http://127.0.0.1:8002/price "HTTP/1.1 200 OK"
2026-02-14 17:54:29,338 - INFO - Pricing Service Called, req: {'items': [{'product_id': 'b2926dc2-cc6d-4c3e-ae40-7a127c173b16', 'qty': 2}], 'promo_codes': [], 'only_final_price': True}, response_status: 200, trace_id=5fba6008-e79f-49b7-8f9a-754e84c926d4
2026-02-14 17:54:29,338 - INFO - Request for orchestrate_order started, order_id=8201a874-e577-407d-b866-bcf5bfc69546, trace_id=5fba6008-e79f-49b7-8f9a-754e84c926d4
2026-02-14 17:54:29,343 - INFO - Inventory Reservation Service Called, req: {'order_id': '8201a874-e577-407d-b866-bcf5bfc69546', 'items': [{'sku': 'b2926dc2-cc6d-4c3e-ae40-7a127c173b16', 'qty': 2}], 'atomic_update': True, 'delay': 0.0, 'drop': 0}, response_status: 200, response: {'order_id': '8201a874-e577-407d-b866-bcf5bfc69546', 'status': 'OUT_OF_STOCK', 'reason': 'Out of stock: b2926dc2-cc6d-4c3e-ae40-7a127c173b16'} trace_id=5fba6008-e79f-49b7-8f9a-754e84c926d4
2026-02-14 17:54:29,344 - INFO - Request for orchestrate_order completed, final_status:OUT_OF_STOCK,  trace_id=5fba6008-e79f-49b7-8f9a-754e84c926d4
2026-02-14 17:54:29,346 - INFO - HTTP Request: POST http://127.0.0.1:8002/price "HTTP/1.1 200 OK"
2026-02-14 17:54:29,346 - INFO - HTTP Request: POST http://127.0.0.1:8002/price "HTTP/1.1 200 OK"
2026-02-14 17:54:29,347 - INFO - Pricing Service Called, req: {'items': [{'product_id': 'b2926dc2-cc6d-4c3e-ae40-7a127c173b16', 'qty': 2}], 'promo_codes': [], 'only_final_price': True}, response_status: 200, trace_id=215f2593-c457-4a48-8e8f-9b33f8549f07
2026-02-14 17:54:29,347 - INFO - Request for orchestrate_order started, order_id=c6f2c7a7-da81-40c3-b0d2-430915184252, trace_id=215f2593-c457-4a48-8e8f-9b33f8549f07
2026-02-14 17:54:29,352 - INFO - Inventory Reservation Service Called, req: {'order_id': 'c6f2c7a7-da81-40c3-b0d2-430915184252', 'items': [{'sku': 'b2926dc2-cc6d-4c3e-ae40-7a127c173b16', 'qty': 2}], 'atomic_update': True, 'delay': 0.0, 'drop': 0}, response_status: 200, response: {'order_id': 'c6f2c7a7-da81-40c3-b0d2-430915184252', 'status': 'OUT_OF_STOCK', 'reason': 'Out of stock: b2926dc2-cc6d-4c3e-ae40-7a127c173b16'} trace_id=215f2593-c457-4a48-8e8f-9b33f8549f07
2026-02-14 17:54:29,353 - INFO - Request for orchestrate_order completed, final_status:OUT_OF_STOCK,  trace_id=215f2593-c457-4a48-8e8f-9b33f8549f07
2026-02-14 17:54:29,354 - INFO - Pricing Service Called, req: {'items': [{'product_id': 'b2926dc2-cc6d-4c3e-ae40-7a127c173b16', 'qty': 2}], 'promo_codes': [], 'only_final_price': True}, response_status: 200, trace_id=54edbc92-103e-42c4-9cbf-2281bb31eb84
2026-02-14 17:54:29,354 - INFO - Request for orchestrate_order started, order_id=6d017097-aa96-4b32-956c-a23931eb9630, trace_id=54edbc92-103e-42c4-9cbf-2281bb31eb84
2026-02-14 17:54:29,359 - INFO - Inventory Reservation Service Called, req: {'order_id': '6d017097-aa96-4b32-956c-a23931eb9630', 'items': [{'sku': 'b2926dc2-cc6d-4c3e-ae40-7a127c173b16', 'qty': 2}], 'atomic_update': True, 'delay': 0.0, 'drop': 0}, response_status: 200, response: {'order_id': '6d017097-aa96-4b32-956c-a23931eb9630', 'status': 'OUT_OF_STOCK', 'reason': 'Out of stock: b2926dc2-cc6d-4c3e-ae40-7a127c173b16'} trace_id=54edbc92-103e-42c4-9cbf-2281bb31eb84
2026-02-14 17:54:29,360 - INFO - Request for orchestrate_order completed, final_status:OUT_OF_STOCK,  trace_id=54edbc92-103e-42c4-9cbf-2281bb31eb84
2026-02-14 17:54:29,362 - INFO - Request for checkout_cart, cart_id=f65805fd-0c97-4424-9b9f-def9304ba085,  trace_id=88592fa7-e7ad-439a-8783-9ef60d9c3fab
2026-02-14 17:54:29,366 - INFO - Cart Service Called, request_cart_id: f65805fd-0c97-4424-9b9f-def9304ba085, response_status: 200, trace_id=88592fa7-e7ad-439a-8783-9ef60d9c3fab
2026-02-14 17:54:29,368 - INFO - Request for checkout_cart, cart_id=17db00ec-926b-481f-b31e-f39e55088743,  trace_id=55cde8e6-eb6d-4028-83af-6b11a2fe9595
2026-02-14 17:54:29,372 - INFO - Cart Service Called, request_cart_id: 17db00ec-926b-481f-b31e-f39e55088743, response_status: 200, trace_id=55cde8e6-eb6d-4028-83af-6b11a2fe9595
2026-02-14 17:54:29,378 - INFO - HTTP Request: POST http://127.0.0.1:8002/price "HTTP/1.1 200 OK"
2026-02-14 17:54:29,379 - INFO - Pricing Service Called, req: {'items': [{'product_id': 'b2926dc2-cc6d-4c3e-ae40-7a127c173b16', 'qty': 2}], 'promo_codes': [], 'only_final_price': True}, response_status: 200, trace_id=88592fa7-e7ad-439a-8783-9ef60d9c3fab
2026-02-14 17:54:29,379 - INFO - Request for orchestrate_order started, order_id=fb3a1466-3370-4e10-bc9e-36efcb04f87a, trace_id=88592fa7-e7ad-439a-8783-9ef60d9c3fab
2026-02-14 17:54:29,388 - INFO - Inventory Reservation Service Called, req: {'order_id': 'fb3a1466-3370-4e10-bc9e-36efcb04f87a', 'items': [{'sku': 'b2926dc2-cc6d-4c3e-ae40-7a127c173b16', 'qty': 2}], 'atomic_update': True, 'delay': 0.0, 'drop': 0}, response_status: 200, response: {'order_id': 'fb3a1466-3370-4e10-bc9e-36efcb04f87a', 'status': 'OUT_OF_STOCK', 'reason': 'Out of stock: b2926dc2-cc6d-4c3e-ae40-7a127c173b16'} trace_id=88592fa7-e7ad-439a-8783-9ef60d9c3fab
2026-02-14 17:54:29,389 - INFO - Request for orchestrate_order completed, final_status:OUT_OF_STOCK,  trace_id=88592fa7-e7ad-439a-8783-9ef60d9c3fab
2026-02-14 17:54:29,390 - INFO - HTTP Request: POST http://127.0.0.1:8002/price "HTTP/1.1 200 OK"
2026-02-14 17:54:29,391 - INFO - Pricing Service Called, req: {'items': [{'product_id': 'b2926dc2-cc6d-4c3e-ae40-7a127c173b16', 'qty': 2}], 'promo_codes': [], 'only_final_price': True}, response_status: 200, trace_id=55cde8e6-eb6d-4028-83af-6b11a2fe9595
2026-02-14 17:54:29,391 - INFO - Request for orchestrate_order started, order_id=2ae34fa0-1af3-4b90-b559-e007334a365f, trace_id=55cde8e6-eb6d-4028-83af-6b11a2fe9595
2026-02-14 17:54:29,396 - INFO - Inventory Reservation Service Called, req: {'order_id': '2ae34fa0-1af3-4b90-b559-e007334a365f', 'items': [{'sku': 'b2926dc2-cc6d-4c3e-ae40-7a127c173b16', 'qty': 2}], 'atomic_update': True, 'delay': 0.0, 'drop': 0}, response_status: 200, response: {'order_id': '2ae34fa0-1af3-4b90-b559-e007334a365f', 'status': 'OUT_OF_STOCK', 'reason': 'Out of stock: b2926dc2-cc6d-4c3e-ae40-7a127c173b16'} trace_id=55cde8e6-eb6d-4028-83af-6b11a2fe9595
2026-02-14 17:54:29,397 - INFO - Request for orchestrate_order completed, final_status:OUT_OF_STOCK,  trace_id=55cde8e6-eb6d-4028-83af-6b11a2fe9595
