2026-02-14 17:54:26,152 - INFO - Connected to MongoDB at mongodb://user:pass1@localhost:27017/ db=ms_baseline
2026-02-14 17:54:26,453 - INFO - Request for compute_price, request: items=[PriceRequestItem(product_id='b2926dc2-cc6d-4c3e-ae40-7a127c173b16', qty=1)] promo_codes=[] currency='USD' only_final_price=False
2026-02-14 17:54:26,455 - INFO - Request for compute_price, request: items=[PriceRequestItem(product_id='b2926dc2-cc6d-4c3e-ae40-7a127c173b16', qty=1)] promo_codes=[] currency='USD' only_final_price=False
2026-02-14 17:54:26,456 - INFO - Request for compute_price, request: items=[PriceRequestItem(product_id='b2926dc2-cc6d-4c3e-ae40-7a127c173b16', qty=1)] promo_codes=[] currency='USD' only_final_price=False
2026-02-14 17:54:26,457 - INFO - Request for compute_price, request: items=[PriceRequestItem(product_id='b2926dc2-cc6d-4c3e-ae40-7a127c173b16', qty=1)] promo_codes=[] currency='USD' only_final_price=False
2026-02-14 17:54:26,459 - INFO - Request for compute_price, request: items=[PriceRequestItem(product_id='b2926dc2-cc6d-4c3e-ae40-7a127c173b16', qty=1)] promo_codes=[] currency='USD' only_final_price=False
2026-02-14 17:54:26,461 - INFO - Request for compute_price successfully processed, result: items=[PriceResponseItem(product_id='b2926dc2-cc6d-4c3e-ae40-7a127c173b16', qty=1, unit_price=200.0, line_total=200.0, discounts=0.0)] subtotal=200.0 total_discount=0.0 total=200.0 currency='USD', request: items=[PriceRequestItem(product_id='b2926dc2-cc6d-4c3e-ae40-7a127c173b16', qty=1)] promo_codes=[] currency='USD' only_final_price=False
2026-02-14 17:54:26,461 - INFO - Request for compute_price successfully processed, result: items=[PriceResponseItem(product_id='b2926dc2-cc6d-4c3e-ae40-7a127c173b16', qty=1, unit_price=200.0, line_total=200.0, discounts=0.0)] subtotal=200.0 total_discount=0.0 total=200.0 currency='USD', request: items=[PriceRequestItem(product_id='b2926dc2-cc6d-4c3e-ae40-7a127c173b16', qty=1)] promo_codes=[] currency='USD' only_final_price=False
2026-02-14 17:54:26,462 - INFO - Request for compute_price successfully processed, result: items=[PriceResponseItem(product_id='b2926dc2-cc6d-4c3e-ae40-7a127c173b16', qty=1, unit_price=200.0, line_total=200.0, discounts=0.0)] subtotal=200.0 total_discount=0.0 total=200.0 currency='USD', request: items=[PriceRequestItem(product_id='b2926dc2-cc6d-4c3e-ae40-7a127c173b16', qty=1)] promo_codes=[] currency='USD' only_final_price=False
2026-02-14 17:54:26,463 - INFO - Request for compute_price successfully processed, result: items=[PriceResponseItem(product_id='b2926dc2-cc6d-4c3e-ae40-7a127c173b16', qty=1, unit_price=200.0, line_total=200.0, discounts=0.0)] subtotal=200.0 total_discount=0.0 total=200.0 currency='USD', request: items=[PriceRequestItem(product_id='b2926dc2-cc6d-4c3e-ae40-7a127c173b16', qty=1)] promo_codes=[] currency='USD' only_final_price=False
2026-02-14 17:54:26,464 - INFO - Request for compute_price successfully processed, result: items=[PriceResponseItem(product_id='b2926dc2-cc6d-4c3e-ae40-7a127c173b16', qty=1, unit_price=200.0, line_total=200.0, discounts=0.0)] subtotal=200.0 total_discount=0.0 total=200.0 currency='USD', request: items=[PriceRequestItem(product_id='b2926dc2-cc6d-4c3e-ae40-7a127c173b16', qty=1)] promo_codes=[] currency='USD' only_final_price=False
2026-02-14 17:54:26,512 - INFO - Request for compute_price, request: items=[PriceRequestItem(product_id='b2926dc2-cc6d-4c3e-ae40-7a127c173b16', qty=2)] promo_codes=[] currency='USD' only_final_price=True
2026-02-14 17:54:26,513 - INFO - Request for compute_price, request: items=[PriceRequestItem(product_id='b2926dc2-cc6d-4c3e-ae40-7a127c173b16', qty=2)] promo_codes=[] currency='USD' only_final_price=True
2026-02-14 17:54:26,514 - INFO - Request for compute_price, request: items=[PriceRequestItem(product_id='b2926dc2-cc6d-4c3e-ae40-7a127c173b16', qty=2)] promo_codes=[] currency='USD' only_final_price=True
2026-02-14 17:54:26,516 - INFO - Request for compute_price, request: items=[PriceRequestItem(product_id='b2926dc2-cc6d-4c3e-ae40-7a127c173b16', qty=2)] promo_codes=[] currency='USD' only_final_price=True
2026-02-14 17:54:26,517 - INFO - Request for compute_price, request: items=[PriceRequestItem(product_id='b2926dc2-cc6d-4c3e-ae40-7a127c173b16', qty=2)] promo_codes=[] currency='USD' only_final_price=True
2026-02-14 17:54:26,518 - INFO - Request for compute_price successfully processed, result: items=[PriceResponseItem(product_id='b2926dc2-cc6d-4c3e-ae40-7a127c173b16', qty=2, unit_price=200.0, line_total=400.0, discounts=0.0)] subtotal=400.0 total_discount=0.0 total=400.0 currency='USD', request: items=[PriceRequestItem(product_id='b2926dc2-cc6d-4c3e-ae40-7a127c173b16', qty=2)] promo_codes=[] currency='USD' only_final_price=True
2026-02-14 17:54:26,519 - INFO - Request for compute_price successfully processed, result: items=[PriceResponseItem(product_id='b2926dc2-cc6d-4c3e-ae40-7a127c173b16', qty=2, unit_price=200.0, line_total=400.0, discounts=0.0)] subtotal=400.0 total_discount=0.0 total=400.0 currency='USD', request: items=[PriceRequestItem(product_id='b2926dc2-cc6d-4c3e-ae40-7a127c173b16', qty=2)] promo_codes=[] currency='USD' only_final_price=True
2026-02-14 17:54:26,519 - INFO - Request for compute_price successfully processed, result: items=[PriceResponseItem(product_id='b2926dc2-cc6d-4c3e-ae40-7a127c173b16', qty=2, unit_price=200.0, line_total=400.0, discounts=0.0)] subtotal=400.0 total_discount=0.0 total=400.0 currency='USD', request: items=[PriceRequestItem(product_id='b2926dc2-cc6d-4c3e-ae40-7a127c173b16', qty=2)] promo_codes=[] currency='USD' only_final_price=True
2026-02-14 17:54:26,520 - INFO - Request for compute_price successfully processed, result: items=[PriceResponseItem(product_id='b2926dc2-cc6d-4c3e-ae40-7a127c173b16', qty=2, unit_price=200.0, line_total=400.0, discounts=0.0)] subtotal=400.0 total_discount=0.0 total=400.0 currency='USD', request: items=[PriceRequestItem(product_id='b2926dc2-cc6d-4c3e-ae40-7a127c173b16', qty=2)] promo_codes=[] currency='USD' only_final_price=True
2026-02-14 17:54:26,521 - INFO - Request for compute_price successfully processed, result: items=[PriceResponseItem(product_id='b2926dc2-cc6d-4c3e-ae40-7a127c173b16', qty=2, unit_price=200.0, line_total=400.0, discounts=0.0)] subtotal=400.0 total_discount=0.0 total=400.0 currency='USD', request: items=[PriceRequestItem(product_id='b2926dc2-cc6d-4c3e-ae40-7a127c173b16', qty=2)] promo_codes=[] currency='USD' only_final_price=True
2026-02-14 17:54:27,081 - INFO - Request for compute_price, request: items=[PriceRequestItem(product_id='b2926dc2-cc6d-4c3e-ae40-7a127c173b16', qty=1)] promo_codes=[] currency='USD' only_final_price=False
2026-02-14 17:54:27,086 - INFO - Request for compute_price successfully processed, result: items=[PriceResponseItem(product_id='b2926dc2-cc6d-4c3e-ae40-7a127c173b16', qty=1, unit_price=200.0, line_total=200.0, discounts=0.0)] subtotal=200.0 total_discount=0.0 total=200.0 currency='USD', request: items=[PriceRequestItem(product_id='b2926dc2-cc6d-4c3e-ae40-7a127c173b16', qty=1)] promo_codes=[] currency='USD' only_final_price=False
2026-02-14 17:54:28,203 - INFO - Request for compute_price, request: items=[PriceRequestItem(product_id='b2926dc2-cc6d-4c3e-ae40-7a127c173b16', qty=1)] promo_codes=[] currency='USD' only_final_price=False
2026-02-14 17:54:28,207 - INFO - Request for compute_price, request: items=[PriceRequestItem(product_id='b2926dc2-cc6d-4c3e-ae40-7a127c173b16', qty=1)] promo_codes=[] currency='USD' only_final_price=False
2026-02-14 17:54:28,208 - INFO - Request for compute_price successfully processed, result: items=[PriceResponseItem(product_id='b2926dc2-cc6d-4c3e-ae40-7a127c173b16', qty=1, unit_price=200.0, line_total=200.0, discounts=0.0)] subtotal=200.0 total_discount=0.0 total=200.0 currency='USD', request: items=[PriceRequestItem(product_id='b2926dc2-cc6d-4c3e-ae40-7a127c173b16', qty=1)] promo_codes=[] currency='USD' only_final_price=False
2026-02-14 17:54:28,209 - INFO - Request for compute_price successfully processed, result: items=[PriceResponseItem(product_id='b2926dc2-cc6d-4c3e-ae40-7a127c173b16', qty=1, unit_price=200.0, line_total=200.0, discounts=0.0)] subtotal=200.0 total_discount=0.0 total=200.0 currency='USD', request: items=[PriceRequestItem(product_id='b2926dc2-cc6d-4c3e-ae40-7a127c173b16', qty=1)] promo_codes=[] currency='USD' only_final_price=False
2026-02-14 17:54:29,314 - INFO - Request for compute_price, request: items=[PriceRequestItem(product_id='b2926dc2-cc6d-4c3e-ae40-7a127c173b16', qty=1)] promo_codes=[] currency='USD' only_final_price=False
2026-02-14 17:54:29,316 - INFO - Request for compute_price, request: items=[PriceRequestItem(product_id='b2926dc2-cc6d-4c3e-ae40-7a127c173b16', qty=1)] promo_codes=[] currency='USD' only_final_price=False
2026-02-14 17:54:29,319 - INFO - Request for compute_price successfully processed, result: items=[PriceResponseItem(product_id='b2926dc2-cc6d-4c3e-ae40-7a127c173b16', qty=1, unit_price=200.0, line_total=200.0, discounts=0.0)] subtotal=200.0 total_discount=0.0 total=200.0 currency='USD', request: items=[PriceRequestItem(product_id='b2926dc2-cc6d-4c3e-ae40-7a127c173b16', qty=1)] promo_codes=[] currency='USD' only_final_price=False
2026-02-14 17:54:29,321 - INFO - Request for compute_price successfully processed, result: items=[PriceResponseItem(product_id='b2926dc2-cc6d-4c3e-ae40-7a127c173b16', qty=1, unit_price=200.0, line_total=200.0, discounts=0.0)] subtotal=200.0 total_discount=0.0 total=200.0 currency='USD', request: items=[PriceRequestItem(product_id='b2926dc2-cc6d-4c3e-ae40-7a127c173b16', qty=1)] promo_codes=[] currency='USD' only_final_price=False
2026-02-14 17:54:29,329 - INFO - Request for compute_price, request: items=[PriceRequestItem(product_id='b2926dc2-cc6d-4c3e-ae40-7a127c173b16', qty=2)] promo_codes=[] currency='USD' only_final_price=True
2026-02-14 17:54:29,331 - INFO - Request for compute_price, request: items=[PriceRequestItem(product_id='b2926dc2-cc6d-4c3e-ae40-7a127c173b16', qty=2)] promo_codes=[] currency='USD' only_final_price=True
2026-02-14 17:54:29,332 - INFO - Request for compute_price, request: items=[PriceRequestItem(product_id='b2926dc2-cc6d-4c3e-ae40-7a127c173b16', qty=2)] promo_codes=[] currency='USD' only_final_price=True
2026-02-14 17:54:29,335 - INFO - Request for compute_price successfully processed, result: items=[PriceResponseItem(product_id='b2926dc2-cc6d-4c3e-ae40-7a127c173b16', qty=2, unit_price=200.0, line_total=400.0, discounts=0.0)] subtotal=400.0 total_discount=0.0 total=400.0 currency='USD', request: items=[PriceRequestItem(product_id='b2926dc2-cc6d-4c3e-ae40-7a127c173b16', qty=2)] promo_codes=[] currency='USD' only_final_price=True
2026-02-14 17:54:29,336 - INFO - Request for compute_price successfully processed, result: items=[PriceResponseItem(product_id='b2926dc2-cc6d-4c3e-ae40-7a127c173b16', qty=2, unit_price=200.0, line_total=400.0, discounts=0.0)] subtotal=400.0 total_discount=0.0 total=400.0 currency='USD', request: items=[PriceRequestItem(product_id='b2926dc2-cc6d-4c3e-ae40-7a127c173b16', qty=2)] promo_codes=[] currency='USD' only_final_price=True
2026-02-14 17:54:29,337 - INFO - Request for compute_price successfully processed, result: items=[PriceResponseItem(product_id='b2926dc2-cc6d-4c3e-ae40-7a127c173b16', qty=2, unit_price=200.0, line_total=400.0, discounts=0.0)] subtotal=400.0 total_discount=0.0 total=400.0 currency='USD', request: items=[PriceRequestItem(product_id='b2926dc2-cc6d-4c3e-ae40-7a127c173b16', qty=2)] promo_codes=[] currency='USD' only_final_price=True
2026-02-14 17:54:29,374 - INFO - Request for compute_price, request: items=[PriceRequestItem(product_id='b2926dc2-cc6d-4c3e-ae40-7a127c173b16', qty=2)] promo_codes=[] currency='USD' only_final_price=True
2026-02-14 17:54:29,375 - INFO - Request for compute_price, request: items=[PriceRequestItem(product_id='b2926dc2-cc6d-4c3e-ae40-7a127c173b16', qty=2)] promo_codes=[] currency='USD' only_final_price=True
2026-02-14 17:54:29,376 - INFO - Request for compute_price successfully processed, result: items=[PriceResponseItem(product_id='b2926dc2-cc6d-4c3e-ae40-7a127c173b16', qty=2, unit_price=200.0, line_total=400.0, discounts=0.0)] subtotal=400.0 total_discount=0.0 total=400.0 currency='USD', request: items=[PriceRequestItem(product_id='b2926dc2-cc6d-4c3e-ae40-7a127c173b16', qty=2)] promo_codes=[] currency='USD' only_final_price=True
2026-02-14 17:54:29,377 - INFO - Request for compute_price successfully processed, result: items=[PriceResponseItem(product_id='b2926dc2-cc6d-4c3e-ae40-7a127c173b16', qty=2, unit_price=200.0, line_total=400.0, discounts=0.0)] subtotal=400.0 total_discount=0.0 total=400.0 currency='USD', request: items=[PriceRequestItem(product_id='b2926dc2-cc6d-4c3e-ae40-7a127c173b16', qty=2)] promo_codes=[] currency='USD' only_final_price=True
2026-02-14 19:53:34,617 - INFO - MongoDB connection closed
2026-02-14 19:53:40,359 - INFO - Connected to MongoDB at mongodb://user:pass1@localhost:27017/ db=ms_baseline
2026-02-14 20:31:45,323 - INFO - MongoDB connection closed
2026-02-14 20:31:47,976 - INFO - Connected to MongoDB at mongodb://user:pass1@localhost:27017/ db=ms_baseline
2026-02-14 20:32:17,897 - INFO - MongoDB connection closed
2026-02-14 20:32:21,207 - INFO - Connected to MongoDB at mongodb://user:pass1@localhost:27017/ db=ms_baseline
2026-02-14 20:32:33,859 - INFO - MongoDB connection closed
2026-02-14 20:32:36,675 - INFO - Connected to MongoDB at mongodb://user:pass1@localhost:27017/ db=ms_baseline
2026-02-14 20:33:09,584 - INFO - MongoDB connection closed
2026-02-14 20:33:12,573 - INFO - Connected to MongoDB at mongodb://user:pass1@localhost:27017/ db=ms_baseline
2026-02-14 20:34:43,075 - INFO - MongoDB connection closed
2026-02-14 20:34:45,820 - INFO - Connected to MongoDB at mongodb://user:pass1@localhost:27017/ db=ms_baseline
2026-02-14 20:35:32,791 - INFO - MongoDB connection closed
